d:\lsy\qt_winpcap_server\qt_winpcap_server\debug\main.obj
d:\lsy\qt_winpcap_server\qt_winpcap_server\debug\packethandle.obj
d:\lsy\qt_winpcap_server\qt_winpcap_server\debug\mainwindow.obj
d:\lsy\qt_winpcap_server\qt_winpcap_server\debug\getnics.obj
d:\lsy\qt_winpcap_server\qt_winpcap_server\debug\vc141.pdb
d:\lsy\qt_winpcap_server\qt_winpcap_server\debug\moc_packethandle.obj
d:\lsy\qt_winpcap_server\qt_winpcap_server\debug\moc_mainwindow.obj
d:\lsy\qt_winpcap_server\qt_winpcap_server\debug\qrc_qt_winpcap_server.obj
d:\lsy\qt_winpcap_server\debug\qt_winpcap_server.exe
d:\lsy\qt_winpcap_server\debug\qt_winpcap_server.ilk
d:\lsy\qt_winpcap_server\debug\qt_winpcap_server.pdb
d:\lsy\qt_winpcap_server\qt_winpcap_server\debug\moc\moc_mainwindow.cpp
d:\lsy\qt_winpcap_server\qt_winpcap_server\debug\moc\moc_packethandle.cpp
d:\lsy\qt_winpcap_server\qt_winpcap_server\debug\uic\ui_qt_winpcap_server.h
d:\lsy\qt_winpcap_server\qt_winpcap_server\debug\rcc\qrc_qt_winpcap_server.cpp
d:\lsy\qt_winpcap_server\qt_winpcap_server\debug\qt_winpc.1c93af32.tlog\cl.command.1.tlog
d:\lsy\qt_winpcap_server\qt_winpcap_server\debug\qt_winpc.1c93af32.tlog\cl.read.1.tlog
d:\lsy\qt_winpcap_server\qt_winpcap_server\debug\qt_winpc.1c93af32.tlog\cl.write.1.tlog
d:\lsy\qt_winpcap_server\qt_winpcap_server\debug\qt_winpc.1c93af32.tlog\link.command.1.tlog
d:\lsy\qt_winpcap_server\qt_winpcap_server\debug\qt_winpc.1c93af32.tlog\link.read.1.tlog
d:\lsy\qt_winpcap_server\qt_winpcap_server\debug\qt_winpc.1c93af32.tlog\link.write.1.tlog
d:\lsy\qt_winpcap_server\qt_winpcap_server\debug\qt_winpc.1c93af32.tlog\moc.read.1u.tlog
d:\lsy\qt_winpcap_server\qt_winpcap_server\debug\qt_winpc.1c93af32.tlog\moc.write.1u.tlog
d:\lsy\qt_winpcap_server\qt_winpcap_server\debug\qt_winpc.1c93af32.tlog\qt_winpcap_server.write.1u.tlog
d:\lsy\qt_winpcap_server\qt_winpcap_server\debug\qt_winpc.1c93af32.tlog\rcc.read.1u.tlog
d:\lsy\qt_winpcap_server\qt_winpcap_server\debug\qt_winpc.1c93af32.tlog\rcc.write.1u.tlog
d:\lsy\qt_winpcap_server\qt_winpcap_server\debug\qt_winpc.1c93af32.tlog\uic.read.1u.tlog
d:\lsy\qt_winpcap_server\qt_winpcap_server\debug\qt_winpc.1c93af32.tlog\uic.write.1u.tlog
